<?xml version="1.0" encoding="UTF-8"?>
<testng-results ignored="0" total="2" passed="2" failed="0" skipped="0">
  <reporter-output>
  </reporter-output>
  <suite started-at="2024-09-08T09:43:14 IST" name="master" finished-at="2024-09-08T09:43:33 IST" duration-ms="19585">
    <groups>
    </groups>
    <test started-at="2024-09-08T09:43:14 IST" name="Test" finished-at="2024-09-08T09:43:33 IST" duration-ms="19585">
      <class name="smokeTesting.HomePageTestCases">
        <test-method signature="verifyHomePageNavigationLinks()[pri:0, instance:smokeTesting.HomePageTestCases@49912c99]" started-at="2024-09-08T09:43:29 IST" name="verifyHomePageNavigationLinks" finished-at="2024-09-08T09:43:33 IST" duration-ms="3890" status="PASS">
          <reporter-output>
          </reporter-output>
        </test-method> <!-- verifyHomePageNavigationLinks -->
      </class> <!-- smokeTesting.HomePageTestCases -->
      <class name="smokeTesting.RegistrationTestCases">
        <test-method signature="createNewUser()[pri:0, instance:smokeTesting.RegistrationTestCases@4944252c]" started-at="2024-09-08T09:43:14 IST" name="createNewUser" finished-at="2024-09-08T09:43:29 IST" duration-ms="15603" status="PASS">
          <reporter-output>
          </reporter-output>
        </test-method> <!-- createNewUser -->
      </class> <!-- smokeTesting.RegistrationTestCases -->
    </test> <!-- Test -->
  </suite> <!-- master -->
</testng-results>
