<?xml version="1.0" encoding="UTF-8"?>
<testng-results ignored="0" total="1" passed="1" failed="0" skipped="0">
  <reporter-output>
  </reporter-output>
  <suite started-at="2024-07-15T19:04:07 IST" name="Default suite" finished-at="2024-07-15T19:04:22 IST" duration-ms="15790">
    <groups>
    </groups>
    <test started-at="2024-07-15T19:04:07 IST" name="Default test" finished-at="2024-07-15T19:04:22 IST" duration-ms="15790">
      <class name="smokeTesting.RegistrationTestCases">
        <test-method signature="createNewUser()[pri:0, instance:smokeTesting.RegistrationTestCases@d86a6f]" started-at="2024-07-15T19:04:07 IST" name="createNewUser" finished-at="2024-07-15T19:04:22 IST" duration-ms="15657" status="PASS">
          <reporter-output>
          </reporter-output>
        </test-method> <!-- createNewUser -->
      </class> <!-- smokeTesting.RegistrationTestCases -->
    </test> <!-- Default test -->
  </suite> <!-- Default suite -->
</testng-results>
